<?xml version="1.0" encoding="UTF-8"?>
<!-- Generated by org.testng.reporters.JUnitXMLReporter -->
<testsuite ignored="0" hostname="SwapniSPC" failures="0" tests="3" name="Ecommerce Tests" time="11.028" errors="0" timestamp="2025-11-13T12:45:03 IST">
  <testcase classname="com.qa.tests.LoginTest" name="verifyValidLogin" time="0.602"/>
  <testcase classname="com.qa.tests.LoginTest" name="verifyInvalidLogin" time="0.975"/>
  <testcase classname="com.qa.tests.LoginTest" name="verifyAddToCart" time="0.83"/>
</testsuite> <!-- Ecommerce Tests -->
