<?xml version="1.0" encoding="UTF-8"?>
<testng-results ignored="0" total="3" passed="3" failed="0" skipped="0">
  <reporter-output>
  </reporter-output>
  <suite started-at="2025-11-13T12:44:51 IST" name="Ecommerce Suite" finished-at="2025-11-13T12:45:02 IST" duration-ms="11028">
    <groups>
    </groups>
    <test started-at="2025-11-13T12:44:51 IST" name="Ecommerce Tests" finished-at="2025-11-13T12:45:02 IST" duration-ms="11028">
      <class name="com.qa.tests.LoginTest">
        <test-method is-config="true" signature="setUp()[pri:0, instance:com.qa.tests.LoginTest@c33b74f]" started-at="2025-11-13T12:44:52 IST" name="setUp" finished-at="2025-11-13T12:44:56 IST" duration-ms="4421" status="PASS">
          <reporter-output>
          </reporter-output>
        </test-method> <!-- setUp -->
        <test-method signature="verifyValidLogin()[pri:1, instance:com.qa.tests.LoginTest@c33b74f]" started-at="2025-11-13T12:44:56 IST" name="verifyValidLogin" finished-at="2025-11-13T12:44:57 IST" duration-ms="602" status="PASS">
          <reporter-output>
          </reporter-output>
        </test-method> <!-- verifyValidLogin -->
        <test-method is-config="true" signature="tearDown()[pri:0, instance:com.qa.tests.LoginTest@c33b74f]" started-at="2025-11-13T12:44:57 IST" name="tearDown" finished-at="2025-11-13T12:44:57 IST" duration-ms="275" status="PASS">
          <reporter-output>
          </reporter-output>
        </test-method> <!-- tearDown -->
        <test-method is-config="true" signature="setUp()[pri:0, instance:com.qa.tests.LoginTest@c33b74f]" started-at="2025-11-13T12:44:57 IST" name="setUp" finished-at="2025-11-13T12:44:58 IST" duration-ms="1305" status="PASS">
          <reporter-output>
          </reporter-output>
        </test-method> <!-- setUp -->
        <test-method signature="verifyInvalidLogin()[pri:2, instance:com.qa.tests.LoginTest@c33b74f]" started-at="2025-11-13T12:44:58 IST" name="verifyInvalidLogin" finished-at="2025-11-13T12:44:59 IST" duration-ms="975" status="PASS">
          <reporter-output>
          </reporter-output>
        </test-method> <!-- verifyInvalidLogin -->
        <test-method is-config="true" signature="tearDown()[pri:0, instance:com.qa.tests.LoginTest@c33b74f]" started-at="2025-11-13T12:44:59 IST" name="tearDown" finished-at="2025-11-13T12:45:00 IST" duration-ms="222" status="PASS">
          <reporter-output>
          </reporter-output>
        </test-method> <!-- tearDown -->
        <test-method is-config="true" signature="setUp()[pri:0, instance:com.qa.tests.LoginTest@c33b74f]" started-at="2025-11-13T12:45:00 IST" name="setUp" finished-at="2025-11-13T12:45:01 IST" duration-ms="1700" status="PASS">
          <reporter-output>
          </reporter-output>
        </test-method> <!-- setUp -->
        <test-method signature="verifyAddToCart()[pri:3, instance:com.qa.tests.LoginTest@c33b74f]" started-at="2025-11-13T12:45:01 IST" name="verifyAddToCart" finished-at="2025-11-13T12:45:02 IST" duration-ms="830" status="PASS">
          <reporter-output>
          </reporter-output>
        </test-method> <!-- verifyAddToCart -->
        <test-method is-config="true" signature="tearDown()[pri:0, instance:com.qa.tests.LoginTest@c33b74f]" started-at="2025-11-13T12:45:02 IST" name="tearDown" finished-at="2025-11-13T12:45:02 IST" duration-ms="293" status="PASS">
          <reporter-output>
          </reporter-output>
        </test-method> <!-- tearDown -->
      </class> <!-- com.qa.tests.LoginTest -->
    </test> <!-- Ecommerce Tests -->
  </suite> <!-- Ecommerce Suite -->
</testng-results>
