<?xml version="1.0" encoding="UTF-8"?>
<!-- Generated by org.testng.reporters.JUnitReportReporter -->
<testsuite hostname="SwapniSPC" failures="0" tests="3" name="com.qa.tests.LoginTest" time="10.623" errors="0" timestamp="2025-11-13T12:45:03 IST" skipped="0">
  <testcase classname="com.qa.tests.LoginTest" name="verifyValidLogin" time="2.577"/>
  <testcase classname="com.qa.tests.LoginTest" name="verifyInvalidLogin" time="5.618"/>
  <testcase classname="com.qa.tests.LoginTest" name="verifyAddToCart" time="2.428"/>
</testsuite> <!-- com.qa.tests.LoginTest -->
